[
  {
    "_time": "2026-04-18T14:32:01.000Z",
    "EventCode": 4625,
    "sourcetype": "WinEventLog:Security",
    "Computer": "DC01.CORP.LOCAL",
    "TargetUserName": "administrator",
    "TargetDomainName": "CORP",
    "IpAddress": "198.51.100.45",
    "WorkstationName": "KALI-ATTACKER",
    "LogonType": 3,
    "LogonProcessName": "NtLmSsp",
    "AuthenticationPackageName": "NTLM",
    "Status": "0xC000006D",
    "SubStatus": "0xC000006A",
    "Failure_Reason": "Unknown user name or bad password",
    "attack_tag": "T1110.001-BruteForce"
  },
  {
    "_time": "2026-04-18T14:32:04.000Z",
    "EventCode": 4625,
    "sourcetype": "WinEventLog:Security",
    "Computer": "DC01.CORP.LOCAL",
    "TargetUserName": "administrator",
    "TargetDomainName": "CORP",
    "IpAddress": "198.51.100.45",
    "WorkstationName": "KALI-ATTACKER",
    "LogonType": 3,
    "LogonProcessName": "NtLmSsp",
    "AuthenticationPackageName": "NTLM",
    "Status": "0xC000006D",
    "SubStatus": "0xC000006A",
    "Failure_Reason": "Unknown user name or bad password",
    "attack_tag": "T1110.001-BruteForce"
  },
  {
    "_time": "2026-04-18T14:32:08.000Z",
    "EventCode": 4625,
    "sourcetype": "WinEventLog:Security",
    "Computer": "DC01.CORP.LOCAL",
    "TargetUserName": "administrator",
    "TargetDomainName": "CORP",
    "IpAddress": "198.51.100.45",
    "WorkstationName": "KALI-ATTACKER",
    "LogonType": 3,
    "LogonProcessName": "NtLmSsp",
    "AuthenticationPackageName": "NTLM",
    "Status": "0xC000006D",
    "SubStatus": "0xC000006A",
    "Failure_Reason": "Unknown user name or bad password",
    "attack_tag": "T1110.001-BruteForce"
  },
  {
    "_time": "2026-04-18T14:32:12.000Z",
    "EventCode": 4625,
    "sourcetype": "WinEventLog:Security",
    "Computer": "DC01.CORP.LOCAL",
    "TargetUserName": "svc_sql",
    "TargetDomainName": "CORP",
    "IpAddress": "198.51.100.45",
    "WorkstationName": "KALI-ATTACKER",
    "LogonType": 3,
    "LogonProcessName": "NtLmSsp",
    "AuthenticationPackageName": "NTLM",
    "Status": "0xC000006D",
    "SubStatus": "0xC000006A",
    "Failure_Reason": "Unknown user name or bad password",
    "attack_tag": "T1110.003-PasswordSpray"
  },
  {
    "_time": "2026-04-18T14:32:15.000Z",
    "EventCode": 4625,
    "sourcetype": "WinEventLog:Security",
    "Computer": "DC01.CORP.LOCAL",
    "TargetUserName": "jdoe",
    "TargetDomainName": "CORP",
    "IpAddress": "198.51.100.45",
    "WorkstationName": "KALI-ATTACKER",
    "LogonType": 3,
    "LogonProcessName": "NtLmSsp",
    "AuthenticationPackageName": "NTLM",
    "Status": "0xC000006D",
    "SubStatus": "0xC000006A",
    "Failure_Reason": "Unknown user name or bad password",
    "attack_tag": "T1110.003-PasswordSpray"
  },
  {
    "_time": "2026-04-18T14:32:19.000Z",
    "EventCode": 4625,
    "sourcetype": "WinEventLog:Security",
    "Computer": "DC01.CORP.LOCAL",
    "TargetUserName": "asmith",
    "TargetDomainName": "CORP",
    "IpAddress": "198.51.100.45",
    "WorkstationName": "KALI-ATTACKER",
    "LogonType": 3,
    "LogonProcessName": "NtLmSsp",
    "AuthenticationPackageName": "NTLM",
    "Status": "0xC000006D",
    "SubStatus": "0xC000006A",
    "Failure_Reason": "Unknown user name or bad password",
    "attack_tag": "T1110.003-PasswordSpray"
  },
  {
    "_time": "2026-04-18T14:32:22.000Z",
    "EventCode": 4625,
    "sourcetype": "WinEventLog:Security",
    "Computer": "DC01.CORP.LOCAL",
    "TargetUserName": "bwilson",
    "TargetDomainName": "CORP",
    "IpAddress": "198.51.100.45",
    "WorkstationName": "KALI-ATTACKER",
    "LogonType": 3,
    "LogonProcessName": "NtLmSsp",
    "AuthenticationPackageName": "NTLM",
    "Status": "0xC000006D",
    "SubStatus": "0xC000006A",
    "Failure_Reason": "Unknown user name or bad password",
    "attack_tag": "T1110.003-PasswordSpray"
  },
  {
    "_time": "2026-04-18T14:32:26.000Z",
    "EventCode": 4625,
    "sourcetype": "WinEventLog:Security",
    "Computer": "DC01.CORP.LOCAL",
    "TargetUserName": "cjohnson",
    "TargetDomainName": "CORP",
    "IpAddress": "198.51.100.45",
    "WorkstationName": "KALI-ATTACKER",
    "LogonType": 3,
    "LogonProcessName": "NtLmSsp",
    "AuthenticationPackageName": "NTLM",
    "Status": "0xC000006D",
    "SubStatus": "0xC000006A",
    "Failure_Reason": "Unknown user name or bad password",
    "attack_tag": "T1110.003-PasswordSpray"
  },
  {
    "_time": "2026-04-18T14:32:30.000Z",
    "EventCode": 4625,
    "sourcetype": "WinEventLog:Security",
    "Computer": "DC01.CORP.LOCAL",
    "TargetUserName": "dharris",
    "TargetDomainName": "CORP",
    "IpAddress": "198.51.100.45",
    "WorkstationName": "KALI-ATTACKER",
    "LogonType": 3,
    "LogonProcessName": "NtLmSsp",
    "AuthenticationPackageName": "NTLM",
    "Status": "0xC000006D",
    "SubStatus": "0xC000006A",
    "Failure_Reason": "Unknown user name or bad password",
    "attack_tag": "T1110.003-PasswordSpray"
  },
  {
    "_time": "2026-04-18T14:32:33.000Z",
    "EventCode": 4625,
    "sourcetype": "WinEventLog:Security",
    "Computer": "DC01.CORP.LOCAL",
    "TargetUserName": "admin_backup",
    "TargetDomainName": "CORP",
    "IpAddress": "198.51.100.45",
    "WorkstationName": "KALI-ATTACKER",
    "LogonType": 3,
    "LogonProcessName": "NtLmSsp",
    "AuthenticationPackageName": "NTLM",
    "Status": "0xC000006D",
    "SubStatus": "0xC000006A",
    "Failure_Reason": "Unknown user name or bad password",
    "attack_tag": "T1110.003-PasswordSpray"
  },
  {
    "_time": "2026-04-18T14:32:38.000Z",
    "EventCode": 4625,
    "sourcetype": "WinEventLog:Security",
    "Computer": "DC01.CORP.LOCAL",
    "TargetUserName": "finance_lead",
    "TargetDomainName": "CORP",
    "IpAddress": "198.51.100.45",
    "WorkstationName": "KALI-ATTACKER",
    "LogonType": 3,
    "LogonProcessName": "NtLmSsp",
    "AuthenticationPackageName": "NTLM",
    "Status": "0xC000006D",
    "SubStatus": "0xC000006A",
    "Failure_Reason": "Unknown user name or bad password",
    "attack_tag": "T1110.003-PasswordSpray"
  },
  {
    "_time": "2026-04-18T14:32:55.000Z",
    "EventCode": 4624,
    "sourcetype": "WinEventLog:Security",
    "Computer": "DC01.CORP.LOCAL",
    "TargetUserName": "cjohnson",
    "TargetDomainName": "CORP",
    "IpAddress": "198.51.100.45",
    "WorkstationName": "KALI-ATTACKER",
    "LogonType": 3,
    "LogonProcessName": "NtLmSsp",
    "AuthenticationPackageName": "NTLM",
    "Status": "0x0",
    "PrivilegeList": "SeNetworkLogonRight",
    "attack_tag": "T1078.002-CompromisedAccount"
  }
]
